<?xml version="1.0" encoding="UTF-8"?>
<!-- Generated by org.testng.reporters.JUnitReportReporter -->
<testsuite hostname="DESKTOP-SHMN5S3" failures="0" tests="1" name="example.BookingTest" time="18.763" errors="0" timestamp="2024-12-14T04:24:44 MSK" skipped="0">
  <testcase classname="example.BookingTest" name="bookingTest" time="18.763"/>
  <system-out/>
</testsuite> <!-- example.BookingTest -->
