<?xml version="1.0" encoding="UTF-8"?>
<!-- Generated by org.testng.reporters.JUnitReportReporter -->
<testsuite hostname="DESKTOP-SHMN5S3" failures="0" tests="1" name="example.BookingTest" time="21.600" errors="0" timestamp="2024-12-16T04:36:02 MSK" skipped="0">
  <testcase classname="example.BookingTest" name="bookingTest" time="21.600"/>
  <system-out/>
</testsuite> <!-- example.BookingTest -->
